<?xml version="1.0" encoding="UTF-8"?>
<coverage generated="1653865841794" clover="3.2.0">
  <project timestamp="1653865841794" name="All files">
    <metrics statements="29" coveredstatements="29" conditionals="12" coveredconditionals="12" methods="2" coveredmethods="2" elements="43" coveredelements="43" complexity="0" loc="29" ncloc="29" packages="1" files="1" classes="1"/>
    <file name="fizzbuzz.js" path="D:\WorkingFilesVSC\GitHub\fizzbuzz\fizzbuzz.js">
      <metrics statements="29" coveredstatements="29" conditionals="12" coveredconditionals="12" methods="2" coveredmethods="2"/>
      <line num="1" count="105" type="cond" truecount="1" falsecount="0"/>
      <line num="2" count="105" type="cond" truecount="1" falsecount="0"/>
      <line num="3" count="1" type="stmt"/>
      <line num="4" count="1" type="stmt"/>
      <line num="5" count="104" type="cond" truecount="1" falsecount="0"/>
      <line num="6" count="105" type="cond" truecount="2" falsecount="0"/>
      <line num="7" count="7" type="stmt"/>
      <line num="8" count="7" type="stmt"/>
      <line num="9" count="97" type="cond" truecount="1" falsecount="0"/>
      <line num="10" count="105" type="cond" truecount="1" falsecount="0"/>
      <line num="11" count="28" type="stmt"/>
      <line num="12" count="28" type="stmt"/>
      <line num="13" count="69" type="cond" truecount="1" falsecount="0"/>
      <line num="14" count="105" type="cond" truecount="1" falsecount="0"/>
      <line num="15" count="15" type="stmt"/>
      <line num="16" count="15" type="stmt"/>
      <line num="17" count="54" type="cond" truecount="1" falsecount="0"/>
      <line num="18" count="54" type="stmt"/>
      <line num="19" count="54" type="stmt"/>
      <line num="20" count="1" type="stmt"/>
      <line num="21" count="1" type="cond" truecount="1" falsecount="0"/>
      <line num="22" count="1" type="cond" truecount="1" falsecount="0"/>
      <line num="23" count="100" type="stmt"/>
      <line num="24" count="100" type="stmt"/>
      <line num="25" count="1" type="stmt"/>
      <line num="26" count="1" type="stmt"/>
      <line num="27" count="1" type="stmt"/>
      <line num="28" count="1" type="stmt"/>
      <line num="29" count="1" type="stmt"/>
    </file>
  </project>
</coverage>
