{"D:\\WorkingFilesVSC\\GitHub\\fizzbuzz\\fizzbuzz.js": {"path":"D:\\WorkingFilesVSC\\GitHub\\fizzbuzz\\fizzbuzz.js","all":false,"statementMap":{"0":{"start":{"line":1,"column":0},"end":{"line":1,"column":24}},"1":{"start":{"line":2,"column":0},"end":{"line":2,"column":32}},"2":{"start":{"line":3,"column":0},"end":{"line":3,"column":48}},"3":{"start":{"line":4,"column":0},"end":{"line":4,"column":3}},"4":{"start":{"line":5,"column":0},"end":{"line":5,"column":0}},"5":{"start":{"line":6,"column":0},"end":{"line":6,"column":39}},"6":{"start":{"line":7,"column":0},"end":{"line":7,"column":22}},"7":{"start":{"line":8,"column":0},"end":{"line":8,"column":3}},"8":{"start":{"line":9,"column":0},"end":{"line":9,"column":0}},"9":{"start":{"line":10,"column":0},"end":{"line":10,"column":22}},"10":{"start":{"line":11,"column":0},"end":{"line":11,"column":18}},"11":{"start":{"line":12,"column":0},"end":{"line":12,"column":3}},"12":{"start":{"line":13,"column":0},"end":{"line":13,"column":0}},"13":{"start":{"line":14,"column":0},"end":{"line":14,"column":22}},"14":{"start":{"line":15,"column":0},"end":{"line":15,"column":18}},"15":{"start":{"line":16,"column":0},"end":{"line":16,"column":3}},"16":{"start":{"line":17,"column":0},"end":{"line":17,"column":0}},"17":{"start":{"line":18,"column":0},"end":{"line":18,"column":13}},"18":{"start":{"line":19,"column":0},"end":{"line":19,"column":1}},"19":{"start":{"line":20,"column":0},"end":{"line":20,"column":0}},"20":{"start":{"line":21,"column":0},"end":{"line":21,"column":22}},"21":{"start":{"line":22,"column":0},"end":{"line":22,"column":35}},"22":{"start":{"line":23,"column":0},"end":{"line":23,"column":40}},"23":{"start":{"line":24,"column":0},"end":{"line":24,"column":3}},"24":{"start":{"line":25,"column":0},"end":{"line":25,"column":1}},"25":{"start":{"line":26,"column":0},"end":{"line":26,"column":0}},"26":{"start":{"line":27,"column":0},"end":{"line":27,"column":11}},"27":{"start":{"line":28,"column":0},"end":{"line":28,"column":0}},"28":{"start":{"line":29,"column":0},"end":{"line":29,"column":26}}},"s":{"0":105,"1":105,"2":1,"3":1,"4":104,"5":105,"6":7,"7":7,"8":97,"9":105,"10":28,"11":28,"12":69,"13":105,"14":15,"15":15,"16":54,"17":54,"18":54,"19":1,"20":1,"21":1,"22":100,"23":100,"24":1,"25":1,"26":1,"27":1,"28":1},"branchMap":{"0":{"type":"branch","line":1,"loc":{"start":{"line":1,"column":0},"end":{"line":19,"column":1}},"locations":[{"start":{"line":1,"column":0},"end":{"line":19,"column":1}}]},"1":{"type":"branch","line":2,"loc":{"start":{"line":2,"column":31},"end":{"line":4,"column":3}},"locations":[{"start":{"line":2,"column":31},"end":{"line":4,"column":3}}]},"2":{"type":"branch","line":5,"loc":{"start":{"line":5,"column":-2},"end":{"line":6,"column":9}},"locations":[{"start":{"line":5,"column":-2},"end":{"line":6,"column":9}}]},"3":{"type":"branch","line":6,"loc":{"start":{"line":6,"column":6},"end":{"line":6,"column":38}},"locations":[{"start":{"line":6,"column":6},"end":{"line":6,"column":38}}]},"4":{"type":"branch","line":6,"loc":{"start":{"line":6,"column":38},"end":{"line":8,"column":3}},"locations":[{"start":{"line":6,"column":38},"end":{"line":8,"column":3}}]},"5":{"type":"branch","line":9,"loc":{"start":{"line":9,"column":-2},"end":{"line":10,"column":6}},"locations":[{"start":{"line":9,"column":-2},"end":{"line":10,"column":6}}]},"6":{"type":"branch","line":10,"loc":{"start":{"line":10,"column":21},"end":{"line":12,"column":3}},"locations":[{"start":{"line":10,"column":21},"end":{"line":12,"column":3}}]},"7":{"type":"branch","line":13,"loc":{"start":{"line":13,"column":-2},"end":{"line":14,"column":6}},"locations":[{"start":{"line":13,"column":-2},"end":{"line":14,"column":6}}]},"8":{"type":"branch","line":14,"loc":{"start":{"line":14,"column":21},"end":{"line":16,"column":3}},"locations":[{"start":{"line":14,"column":21},"end":{"line":16,"column":3}}]},"9":{"type":"branch","line":17,"loc":{"start":{"line":17,"column":-2},"end":{"line":19,"column":1}},"locations":[{"start":{"line":17,"column":-2},"end":{"line":19,"column":1}}]},"10":{"type":"branch","line":21,"loc":{"start":{"line":21,"column":0},"end":{"line":25,"column":1}},"locations":[{"start":{"line":21,"column":0},"end":{"line":25,"column":1}}]},"11":{"type":"branch","line":22,"loc":{"start":{"line":22,"column":34},"end":{"line":24,"column":3}},"locations":[{"start":{"line":22,"column":34},"end":{"line":24,"column":3}}]}},"b":{"0":[105],"1":[1],"2":[104],"3":[35],"4":[7],"5":[97],"6":[28],"7":[69],"8":[15],"9":[54],"10":[1],"11":[100]},"fnMap":{"0":{"name":"fizzbuzz","decl":{"start":{"line":1,"column":0},"end":{"line":19,"column":1}},"loc":{"start":{"line":1,"column":0},"end":{"line":19,"column":1}},"line":1},"1":{"name":"print","decl":{"start":{"line":21,"column":0},"end":{"line":25,"column":1}},"loc":{"start":{"line":21,"column":0},"end":{"line":25,"column":1}},"line":21}},"f":{"0":105,"1":1}}
}
