TN:
SF:fizzbuzz.js
FN:1,fizzbuzz
FN:21,print
FNF:2
FNH:2
FNDA:105,fizzbuzz
FNDA:1,print
DA:1,105
DA:2,105
DA:3,1
DA:4,1
DA:5,104
DA:6,105
DA:7,7
DA:8,7
DA:9,97
DA:10,105
DA:11,28
DA:12,28
DA:13,69
DA:14,105
DA:15,15
DA:16,15
DA:17,54
DA:18,54
DA:19,54
DA:20,1
DA:21,1
DA:22,1
DA:23,100
DA:24,100
DA:25,1
DA:26,1
DA:27,1
DA:28,1
DA:29,1
LF:29
LH:29
BRDA:1,0,0,105
BRDA:2,1,0,1
BRDA:5,2,0,104
BRDA:6,3,0,35
BRDA:6,4,0,7
BRDA:9,5,0,97
BRDA:10,6,0,28
BRDA:13,7,0,69
BRDA:14,8,0,15
BRDA:17,9,0,54
BRDA:21,10,0,1
BRDA:22,11,0,100
BRF:12
BRH:12
end_of_record
